
--- Job OutBasis.gms Start 08/22/21 22:01:23 24.7.3 r58181 WEX-WEI x86 64bit/MS Windows
GAMS 24.7.3   Copyright (C) 1987-2016 GAMS Development. All rights reserved
Licensee: Small MUD - 5 User License                     G160810:1105AO-GEN
          Norwegian University of Science and Technology, Industrial DC7530
          License for teaching and research at degree granting institutions
          License Admin: Ruud Egging, rudolf.egging@iot.ntnu.no            
--- Starting compilation
--- OutBasis.gms(2) 3 Mb 9 Errors
*** Error 140 in C:\Users\pisciell.WIN-NTNU-NO\Desktop\SmallLink\OutBasis.gms
    Unknown symbol
*** Error 120 in C:\Users\pisciell.WIN-NTNU-NO\Desktop\SmallLink\OutBasis.gms
    Unknown identifier entered as set
*** Error 120 in C:\Users\pisciell.WIN-NTNU-NO\Desktop\SmallLink\OutBasis.gms
    Unknown identifier entered as set
*** Error 120 in C:\Users\pisciell.WIN-NTNU-NO\Desktop\SmallLink\OutBasis.gms
    Unknown identifier entered as set
*** Error 120 in C:\Users\pisciell.WIN-NTNU-NO\Desktop\SmallLink\OutBasis.gms
    Unknown identifier entered as set
*** Error 120 in C:\Users\pisciell.WIN-NTNU-NO\Desktop\SmallLink\OutBasis.gms
    Unknown identifier entered as set
*** Error 120 in C:\Users\pisciell.WIN-NTNU-NO\Desktop\SmallLink\OutBasis.gms
    Unknown identifier entered as set
*** Error 140 in C:\Users\pisciell.WIN-NTNU-NO\Desktop\SmallLink\OutBasis.gms
    Unknown symbol
*** Error 140 in C:\Users\pisciell.WIN-NTNU-NO\Desktop\SmallLink\OutBasis.gms
    Unknown symbol
--- OutBasis.gms(3) 3 Mb 11 Errors
*** Error 140 in C:\Users\pisciell.WIN-NTNU-NO\Desktop\SmallLink\OutBasis.gms
    Unknown symbol
*** Error 140 in C:\Users\pisciell.WIN-NTNU-NO\Desktop\SmallLink\OutBasis.gms
    Unknown symbol
--- OutBasis.gms(4) 3 Mb 14 Errors
*** Error 120 in C:\Users\pisciell.WIN-NTNU-NO\Desktop\SmallLink\OutBasis.gms
    Unknown identifier entered as set
*** Error 140 in C:\Users\pisciell.WIN-NTNU-NO\Desktop\SmallLink\OutBasis.gms
    Unknown symbol
*** Error 140 in C:\Users\pisciell.WIN-NTNU-NO\Desktop\SmallLink\OutBasis.gms
    Unknown symbol
--- OutBasis.gms(6) 3 Mb 18 Errors
*** Error 140 in C:\Users\pisciell.WIN-NTNU-NO\Desktop\SmallLink\OutBasis.gms
    Unknown symbol
*** Error 120 in C:\Users\pisciell.WIN-NTNU-NO\Desktop\SmallLink\OutBasis.gms
    Unknown identifier entered as set
*** Error 140 in C:\Users\pisciell.WIN-NTNU-NO\Desktop\SmallLink\OutBasis.gms
    Unknown symbol
*** Error 140 in C:\Users\pisciell.WIN-NTNU-NO\Desktop\SmallLink\OutBasis.gms
    Unknown symbol
--- OutBasis.gms(7) 3 Mb 20 Errors
*** Error 140 in C:\Users\pisciell.WIN-NTNU-NO\Desktop\SmallLink\OutBasis.gms
    Unknown symbol
*** Error 140 in C:\Users\pisciell.WIN-NTNU-NO\Desktop\SmallLink\OutBasis.gms
    Unknown symbol
--- OutBasis.gms(8) 3 Mb 22 Errors
*** Error 140 in C:\Users\pisciell.WIN-NTNU-NO\Desktop\SmallLink\OutBasis.gms
    Unknown symbol
*** Error 140 in C:\Users\pisciell.WIN-NTNU-NO\Desktop\SmallLink\OutBasis.gms
    Unknown symbol
--- OutBasis.gms(9) 3 Mb 24 Errors
*** Error 140 in C:\Users\pisciell.WIN-NTNU-NO\Desktop\SmallLink\OutBasis.gms
    Unknown symbol
*** Error 140 in C:\Users\pisciell.WIN-NTNU-NO\Desktop\SmallLink\OutBasis.gms
    Unknown symbol
--- OutBasis.gms(11) 3 Mb 25 Errors
*** Error 140 in C:\Users\pisciell.WIN-NTNU-NO\Desktop\SmallLink\OutBasis.gms
    Unknown symbol
--- OutBasis.gms(16) 3 Mb 31 Errors
*** Error 140 in C:\Users\pisciell.WIN-NTNU-NO\Desktop\SmallLink\OutBasis.gms
    Unknown symbol
*** Error 120 in C:\Users\pisciell.WIN-NTNU-NO\Desktop\SmallLink\OutBasis.gms
    Unknown identifier entered as set
*** Error 140 in C:\Users\pisciell.WIN-NTNU-NO\Desktop\SmallLink\OutBasis.gms
    Unknown symbol
*** Error 140 in C:\Users\pisciell.WIN-NTNU-NO\Desktop\SmallLink\OutBasis.gms
    Unknown symbol
*** Error 140 in C:\Users\pisciell.WIN-NTNU-NO\Desktop\SmallLink\OutBasis.gms
    Unknown symbol
*** Error 116 in C:\Users\pisciell.WIN-NTNU-NO\Desktop\SmallLink\OutBasis.gms
    Label is unknown
--- OutBasis.gms(17) 3 Mb 32 Errors
*** Error 140 in C:\Users\pisciell.WIN-NTNU-NO\Desktop\SmallLink\OutBasis.gms
    Unknown symbol
--- OutBasis.gms(19) 3 Mb 33 Errors
*** Error 140 in C:\Users\pisciell.WIN-NTNU-NO\Desktop\SmallLink\OutBasis.gms
    Unknown symbol
--- OutBasis.gms(26) 3 Mb 36 Errors
*** Error 140 in C:\Users\pisciell.WIN-NTNU-NO\Desktop\SmallLink\OutBasis.gms
    Unknown symbol
*** Error 120 in C:\Users\pisciell.WIN-NTNU-NO\Desktop\SmallLink\OutBasis.gms
    Unknown identifier entered as set
*** Error 340 in C:\Users\pisciell.WIN-NTNU-NO\Desktop\SmallLink\OutBasis.gms
    A label/element with the same name exist. You may have forgotten
       to quote a label/element reference. For example,
       set i / a,b,c /; parameter x(i); x('a') = 10;
--- OutBasis.gms(27) 3 Mb 37 Errors
*** Error 140 in C:\Users\pisciell.WIN-NTNU-NO\Desktop\SmallLink\OutBasis.gms
    Unknown symbol
--- OutBasis.gms(28) 3 Mb 38 Errors
*** Error 140 in C:\Users\pisciell.WIN-NTNU-NO\Desktop\SmallLink\OutBasis.gms
    Unknown symbol
--- OutBasis.gms(29) 3 Mb 40 Errors
*** Error 120 in C:\Users\pisciell.WIN-NTNU-NO\Desktop\SmallLink\OutBasis.gms
    Unknown identifier entered as set
*** Error 340 in C:\Users\pisciell.WIN-NTNU-NO\Desktop\SmallLink\OutBasis.gms
    A label/element with the same name exist. You may have forgotten
       to quote a label/element reference. For example,
       set i / a,b,c /; parameter x(i); x('a') = 10;
--- OutBasis.gms(33) 3 Mb 41 Errors
*** Error 140 in C:\Users\pisciell.WIN-NTNU-NO\Desktop\SmallLink\OutBasis.gms
    Unknown symbol
--- OutBasis.gms(34) 3 Mb 42 Errors
*** Error 140 in C:\Users\pisciell.WIN-NTNU-NO\Desktop\SmallLink\OutBasis.gms
    Unknown symbol
--- OutBasis.gms(41) 3 Mb 43 Errors
*** Error 140 in C:\Users\pisciell.WIN-NTNU-NO\Desktop\SmallLink\OutBasis.gms
    Unknown symbol
--- OutBasis.gms(52) 3 Mb 45 Errors
*** Error 140 in C:\Users\pisciell.WIN-NTNU-NO\Desktop\SmallLink\OutBasis.gms
    Unknown symbol
*** Error 140 in C:\Users\pisciell.WIN-NTNU-NO\Desktop\SmallLink\OutBasis.gms
    Unknown symbol
--- OutBasis.gms(53) 3 Mb 47 Errors
*** Error 120 in C:\Users\pisciell.WIN-NTNU-NO\Desktop\SmallLink\OutBasis.gms
    Unknown identifier entered as set
*** Error 340 in C:\Users\pisciell.WIN-NTNU-NO\Desktop\SmallLink\OutBasis.gms
    A label/element with the same name exist. You may have forgotten
       to quote a label/element reference. For example,
       set i / a,b,c /; parameter x(i); x('a') = 10;
--- OutBasis.gms(61) 3 Mb 48 Errors
*** Error 140 in C:\Users\pisciell.WIN-NTNU-NO\Desktop\SmallLink\OutBasis.gms
    Unknown symbol
--- OutBasis.gms(70) 3 Mb 49 Errors
*** Error 572 in C:\Users\pisciell.WIN-NTNU-NO\Desktop\SmallLink\OutBasis.gms
    Cannot GDX load/unload this type - only sets, parameters
       equations and variables can be used
--- OutBasis.gms(72) 3 Mb 50 Errors
*** Error 140 in C:\Users\pisciell.WIN-NTNU-NO\Desktop\SmallLink\OutBasis.gms
    Unknown symbol
--- OutBasis.gms(79) 3 Mb 51 Errors
*** Error 140 in C:\Users\pisciell.WIN-NTNU-NO\Desktop\SmallLink\OutBasis.gms
    Unknown symbol
--- OutBasis.gms(83) 3 Mb 52 Errors
*** Error 140 in C:\Users\pisciell.WIN-NTNU-NO\Desktop\SmallLink\OutBasis.gms
    Unknown symbol
--- OutBasis.gms(85) 3 Mb 63 Errors
*** Error 140 in C:\Users\pisciell.WIN-NTNU-NO\Desktop\SmallLink\OutBasis.gms
    Unknown symbol
*** Error 572 in C:\Users\pisciell.WIN-NTNU-NO\Desktop\SmallLink\OutBasis.gms
    Cannot GDX load/unload this type - only sets, parameters
       equations and variables can be used
*** Error 572 in C:\Users\pisciell.WIN-NTNU-NO\Desktop\SmallLink\OutBasis.gms
    Cannot GDX load/unload this type - only sets, parameters
       equations and variables can be used
*** Error 572 in C:\Users\pisciell.WIN-NTNU-NO\Desktop\SmallLink\OutBasis.gms
    Cannot GDX load/unload this type - only sets, parameters
       equations and variables can be used
*** Error 572 in C:\Users\pisciell.WIN-NTNU-NO\Desktop\SmallLink\OutBasis.gms
    Cannot GDX load/unload this type - only sets, parameters
       equations and variables can be used
*** Error 572 in C:\Users\pisciell.WIN-NTNU-NO\Desktop\SmallLink\OutBasis.gms
    Cannot GDX load/unload this type - only sets, parameters
       equations and variables can be used
*** Error 572 in C:\Users\pisciell.WIN-NTNU-NO\Desktop\SmallLink\OutBasis.gms
    Cannot GDX load/unload this type - only sets, parameters
       equations and variables can be used
*** Error 572 in C:\Users\pisciell.WIN-NTNU-NO\Desktop\SmallLink\OutBasis.gms
    Cannot GDX load/unload this type - only sets, parameters
       equations and variables can be used
*** Error 572 in C:\Users\pisciell.WIN-NTNU-NO\Desktop\SmallLink\OutBasis.gms
    Cannot GDX load/unload this type - only sets, parameters
       equations and variables can be used
*** Error 300 in C:\Users\pisciell.WIN-NTNU-NO\Desktop\SmallLink\OutBasis.gms
    Remaining errors not printed for this line
--- OutBasis.gms(85) 3 Mb 63 Errors
*** Status: Compilation error(s)
--- Job OutBasis.gms Stop 08/22/21 22:01:23 elapsed 0:00:00.178
Exit code = 2
